<!DOCTYPE html PUBLIC "-//W3C//DTD XHTML 1.1//EN" "https://www.w3.org/TR/xhtml11/DTD/xhtml11.dtd">
<html xmlns="https://www.w3.org/1999/xhtml">
<head>
<meta http-equiv="content-type" content="text/html; charset=UTF-8"/>
<title>TestNG Report</title>
<style type="text/css">table {margin-bottom:10px;border-collapse:collapse;empty-cells:show}th,td {border:1px solid #009;padding:.25em .5em}th {vertical-align:bottom}td {vertical-align:top}table a {font-weight:bold}.stripe td {background-color: #E6EBF9}.num {text-align:right}.passedodd td {background-color: #3F3}.passedeven td {background-color: #0A0}.skippedodd td {background-color: #DDD}.skippedeven td {background-color: #CCC}.failedodd td,.attn {background-color: #F33}.failedeven td,.stripe .attn {background-color: #D00}.stacktrace {white-space:pre;font-family:monospace}.totop {font-size:85%;text-align:center;border-bottom:2px solid #000}.invisible {display:none}</style>
</head>
<body>
<table>
<tr><th>Test</th><th># Passed</th><th># Skipped</th><th># Retried</th><th># Failed</th><th>Time (ms)</th><th>Included Groups</th><th>Excluded Groups</th></tr>
<tr><th colspan="8">Suite</th></tr>
<tr><td><a href="#t0">Register Test</a></td><td class="num">2</td><td class="num">0</td><td class="num">0</td><td class="num">0</td><td class="num">28,604</td><td></td><td></td></tr>
<tr class="stripe"><td><a href="#t1">Login Test</a></td><td class="num">2</td><td class="num">0</td><td class="num">0</td><td class="num attn">1</td><td class="num">35,061</td><td></td><td></td></tr>
<tr><td><a href="#t2">ContactForm Test</a></td><td class="num">1</td><td class="num">0</td><td class="num">0</td><td class="num">0</td><td class="num">10,047</td><td></td><td></td></tr>
<tr class="stripe"><td><a href="#t3">Testcases Test</a></td><td class="num">1</td><td class="num">0</td><td class="num">0</td><td class="num">0</td><td class="num">2,800</td><td></td><td></td></tr>
<tr><td><a href="#t4">Products Test</a></td><td class="num">3</td><td class="num">0</td><td class="num">0</td><td class="num attn">1</td><td class="num">24,024</td><td></td><td></td></tr>
<tr class="stripe"><td><a href="#t5">Subscription Test</a></td><td class="num">2</td><td class="num">0</td><td class="num">0</td><td class="num">0</td><td class="num">6,138</td><td></td><td></td></tr>
<tr><th>Total</th><th class="num">11</th><th class="num">0</th><th class="num">0</th><th class="num attn">2</th><th class="num">106,674</th><th colspan="2"></th></tr>
</table>
<table id='summary'><thead><tr><th>Class</th><th>Method</th><th>Start</th><th>Time (ms)</th></tr></thead><tbody><tr><th colspan="4">Suite</th></tr></tbody><tbody id="t0"><tr><th colspan="4">Register Test &#8212; passed</th></tr><tr class="passedeven"><td rowspan="2">testcases.RegisterUser</td><td><a href="#m0">RegistNewUser</a></td><td rowspan="1">1695482903276</td><td rowspan="1">16472</td></tr><tr class="passedeven"><td><a href="#m1">RegistUserwithExs</a></td><td rowspan="1">1695482919748</td><td rowspan="1">2394</td></tr></tbody>
<tbody id="t1"><tr><th colspan="4">Login Test &#8212; failed</th></tr><tr class="failedeven"><td rowspan="1">testcases.LoginTests</td><td><a href="#m2">loginWithCorrectCred</a></td><td rowspan="1">1695482934535</td><td rowspan="1">22715</td></tr><tr><th colspan="4">Login Test &#8212; passed</th></tr><tr class="passedeven"><td rowspan="2">testcases.LoginTests</td><td><a href="#m3">loginWithInCorrectCred</a></td><td rowspan="1">1695482924161</td><td rowspan="1">2236</td></tr><tr class="passedeven"><td><a href="#m4">logoutUser</a></td><td rowspan="1">1695482926398</td><td rowspan="1">8132</td></tr></tbody>
<tbody id="t2"><tr><th colspan="4">ContactForm Test &#8212; passed</th></tr><tr class="passedeven"><td rowspan="1">testcases.ContactForm</td><td><a href="#m5">ContactTest</a></td><td rowspan="1">1695482960862</td><td rowspan="1">6467</td></tr></tbody>
<tbody id="t3"><tr><th colspan="4">Testcases Test &#8212; passed</th></tr><tr class="passedeven"><td rowspan="1">testcases.TestCases</td><td><a href="#m6">TestCasestest</a></td><td rowspan="1">1695482969104</td><td rowspan="1">1033</td></tr></tbody>
<tbody id="t4"><tr><th colspan="4">Products Test &#8212; failed</th></tr><tr class="failedeven"><td rowspan="1">testcases.VerifyProduct</td><td><a href="#m7">verifyProdQuantity</a></td><td rowspan="1">1695482988640</td><td rowspan="1">5520</td></tr><tr><th colspan="4">Products Test &#8212; passed</th></tr><tr class="passedeven"><td rowspan="3">testcases.VerifyProduct</td><td><a href="#m8">VerifyProducts</a></td><td rowspan="1">1695482972195</td><td rowspan="1">3856</td></tr><tr class="passedeven"><td><a href="#m9">addFirstAndSecondProductsToCart</a></td><td rowspan="1">1695482981506</td><td rowspan="1">7134</td></tr><tr class="passedeven"><td><a href="#m10">searchProduct</a></td><td rowspan="1">1695482976051</td><td rowspan="1">5455</td></tr></tbody>
<tbody id="t5"><tr><th colspan="4">Subscription Test &#8212; failed (configuration methods)</th></tr><tr class="failedeven"><td rowspan="1">testcases.LoginTests</td><td><a href="#m11">close</a></td><td rowspan="1">1695483000693</td><td rowspan="1">271</td></tr><tr><th colspan="4">Subscription Test &#8212; skipped (configuration methods)</th></tr><tr class="skippedeven"><td rowspan="1">testcases.ContactForm</td><td><a href="#m12">close</a></td><td rowspan="1">1695483000964</td><td rowspan="1">0</td></tr><tr class="skippedodd"><td rowspan="1">testcases.SubscriptionVerify</td><td><a href="#m13">close</a></td><td rowspan="1">1695483000964</td><td rowspan="1">0</td></tr><tr class="skippedeven"><td rowspan="1">testcases.TestCases</td><td><a href="#m14">close</a></td><td rowspan="1">1695483000964</td><td rowspan="1">0</td></tr><tr class="skippedodd"><td rowspan="1">testcases.VerifyProduct</td><td><a href="#m15">close</a></td><td rowspan="1">1695483000964</td><td rowspan="1">0</td></tr><tr><th colspan="4">Subscription Test &#8212; passed</th></tr><tr class="passedeven"><td rowspan="2">testcases.SubscriptionVerify</td><td><a href="#m16">verifySubs</a></td><td rowspan="1">1695482997564</td><td rowspan="1">934</td></tr><tr class="passedeven"><td><a href="#m17">verifySubsInCart</a></td><td rowspan="1">1695482998501</td><td rowspan="1">1813</td></tr></tbody>
</table>
<h2>Register Test</h2><h3 id="m0">testcases.RegisterUser#RegistNewUser</h3><table class="result"><tr><th class="invisible"/></tr></table><p class="totop"><a href="#summary">back to summary</a></p>
<h3 id="m1">testcases.RegisterUser#RegistUserwithExs</h3><table class="result"><tr><th class="invisible"/></tr></table><p class="totop"><a href="#summary">back to summary</a></p>
<h2>Login Test</h2><h3 id="m2">testcases.LoginTests#loginWithCorrectCred</h3><table class="result"><tr><th>Exception</th></tr><tr><td><div class="stacktrace">org.openqa.selenium.NoSuchElementException: no such element: Unable to locate element: {&quot;method&quot;:&quot;xpath&quot;,&quot;selector&quot;:&quot;//a[text()=&apos; Logged in as &apos;]&quot;}
  (Session info: MicrosoftEdge=117.0.2045.36)
For documentation on this error, please visit: https://selenium.dev/exceptions/#no_such_element
Build info: version: &apos;4.8.2&apos;, revision: &apos;826dbfc730&apos;
System info: os.name: &apos;Windows 11&apos;, os.arch: &apos;amd64&apos;, os.version: &apos;10.0&apos;, java.version: &apos;17.0.3&apos;
Driver info: org.openqa.selenium.edge.EdgeDriver
Command: [b4ac273974dfcd1404bb10c66e285901, findElement {using=xpath, value=//a[text()=&apos; Logged in as &apos;]}]
Capabilities {acceptInsecureCerts: false, browserName: msedge, browserVersion: 117.0.2045.36, fedcm:accounts: true, ms:edgeOptions: {debuggerAddress: localhost:51742}, msedge: {msedgedriverVersion: 117.0.2045.36 (7e3a0633c58a..., userDataDir: C:\Users\raksh\AppData\Loca...}, networkConnectionEnabled: false, pageLoadStrategy: normal, platformName: WINDOWS, proxy: Proxy(), se:cdp: ws://localhost:51742/devtoo..., se:cdpVersion: 117.0.2045.36, setWindowRect: true, strictFileInteractability: false, timeouts: {implicit: 0, pageLoad: 300000, script: 30000}, unhandledPromptBehavior: dismiss and notify, webauthn:extension:credBlob: true, webauthn:extension:largeBlob: true, webauthn:extension:minPinLength: true, webauthn:extension:prf: true, webauthn:virtualAuthenticators: true}
Session ID: b4ac273974dfcd1404bb10c66e285901
	at org.openqa.selenium.remote.codec.w3c.W3CHttpResponseCodec.createException(W3CHttpResponseCodec.java:200)
	at org.openqa.selenium.remote.codec.w3c.W3CHttpResponseCodec.decode(W3CHttpResponseCodec.java:133)
	at org.openqa.selenium.remote.codec.w3c.W3CHttpResponseCodec.decode(W3CHttpResponseCodec.java:53)
	at org.openqa.selenium.remote.HttpCommandExecutor.execute(HttpCommandExecutor.java:193)
	at org.openqa.selenium.remote.service.DriverCommandExecutor.invokeExecute(DriverCommandExecutor.java:183)
	at org.openqa.selenium.remote.service.DriverCommandExecutor.execute(DriverCommandExecutor.java:158)
	at org.openqa.selenium.remote.RemoteWebDriver.execute(RemoteWebDriver.java:543)
	at org.openqa.selenium.remote.ElementLocation$ElementFinder$2.findElement(ElementLocation.java:162)
	at org.openqa.selenium.remote.ElementLocation.findElement(ElementLocation.java:60)
	at org.openqa.selenium.remote.RemoteWebDriver.findElement(RemoteWebDriver.java:352)
	at org.openqa.selenium.remote.RemoteWebDriver.findElement(RemoteWebDriver.java:344)
	at org.openqa.selenium.support.pagefactory.DefaultElementLocator.findElement(DefaultElementLocator.java:70)
	at org.openqa.selenium.support.pagefactory.internal.LocatingElementHandler.invoke(LocatingElementHandler.java:39)
	at jdk.proxy2/jdk.proxy2.$Proxy16.isDisplayed(Unknown Source)
	at resuableFunctions.ResuableClass.elementAvailable(ResuableClass.java:68)
	at testcases.LoginTests.loginWithCorrectCred(LoginTests.java:58)
	at java.base/java.util.ArrayList.forEach(ArrayList.java:1511)
... Removed 32 stack frames</div></td></tr></table><p class="totop"><a href="#summary">back to summary</a></p>
<h3 id="m3">testcases.LoginTests#loginWithInCorrectCred</h3><table class="result"><tr><th class="invisible"/></tr></table><p class="totop"><a href="#summary">back to summary</a></p>
<h3 id="m4">testcases.LoginTests#logoutUser</h3><table class="result"><tr><th class="invisible"/></tr></table><p class="totop"><a href="#summary">back to summary</a></p>
<h2>ContactForm Test</h2><h3 id="m5">testcases.ContactForm#ContactTest</h3><table class="result"><tr><th class="invisible"/></tr></table><p class="totop"><a href="#summary">back to summary</a></p>
<h2>Testcases Test</h2><h3 id="m6">testcases.TestCases#TestCasestest</h3><table class="result"><tr><th class="invisible"/></tr></table><p class="totop"><a href="#summary">back to summary</a></p>
<h2>Products Test</h2><h3 id="m7">testcases.VerifyProduct#verifyProdQuantity</h3><table class="result"><tr><th>Exception</th></tr><tr><td><div class="stacktrace">java.lang.AssertionError: expected [4] but found [1]
	at resuableFunctions.ResuableClass.innerTextEquals(ResuableClass.java:53)
	at testcases.VerifyProduct.verifyProdQuantity(VerifyProduct.java:92)
	at java.base/java.util.ArrayList.forEach(ArrayList.java:1511)
... Removed 33 stack frames</div></td></tr></table><p class="totop"><a href="#summary">back to summary</a></p>
<h3 id="m8">testcases.VerifyProduct#VerifyProducts</h3><table class="result"><tr><th class="invisible"/></tr></table><p class="totop"><a href="#summary">back to summary</a></p>
<h3 id="m9">testcases.VerifyProduct#addFirstAndSecondProductsToCart</h3><table class="result"><tr><th class="invisible"/></tr></table><p class="totop"><a href="#summary">back to summary</a></p>
<h3 id="m10">testcases.VerifyProduct#searchProduct</h3><table class="result"><tr><th class="invisible"/></tr></table><p class="totop"><a href="#summary">back to summary</a></p>
<h2>Subscription Test</h2><h3 id="m11">testcases.LoginTests#close</h3><table class="result"><tr><th>Exception</th></tr><tr><td><div class="stacktrace">org.openqa.selenium.NoSuchSessionException: invalid session id
Build info: version: &apos;4.8.2&apos;, revision: &apos;826dbfc730&apos;
System info: os.name: &apos;Windows 11&apos;, os.arch: &apos;amd64&apos;, os.version: &apos;10.0&apos;, java.version: &apos;17.0.3&apos;
Driver info: org.openqa.selenium.edge.EdgeDriver
Command: [b4ac273974dfcd1404bb10c66e285901, close {}]
Capabilities {acceptInsecureCerts: false, browserName: msedge, browserVersion: 117.0.2045.36, fedcm:accounts: true, ms:edgeOptions: {debuggerAddress: localhost:51742}, msedge: {msedgedriverVersion: 117.0.2045.36 (7e3a0633c58a..., userDataDir: C:\Users\raksh\AppData\Loca...}, networkConnectionEnabled: false, pageLoadStrategy: normal, platformName: WINDOWS, proxy: Proxy(), se:cdp: ws://localhost:51742/devtoo..., se:cdpVersion: 117.0.2045.36, setWindowRect: true, strictFileInteractability: false, timeouts: {implicit: 0, pageLoad: 300000, script: 30000}, unhandledPromptBehavior: dismiss and notify, webauthn:extension:credBlob: true, webauthn:extension:largeBlob: true, webauthn:extension:minPinLength: true, webauthn:extension:prf: true, webauthn:virtualAuthenticators: true}
Session ID: b4ac273974dfcd1404bb10c66e285901
	at org.openqa.selenium.remote.codec.w3c.W3CHttpResponseCodec.createException(W3CHttpResponseCodec.java:200)
	at org.openqa.selenium.remote.codec.w3c.W3CHttpResponseCodec.decode(W3CHttpResponseCodec.java:133)
	at org.openqa.selenium.remote.codec.w3c.W3CHttpResponseCodec.decode(W3CHttpResponseCodec.java:53)
	at org.openqa.selenium.remote.HttpCommandExecutor.execute(HttpCommandExecutor.java:193)
	at org.openqa.selenium.remote.service.DriverCommandExecutor.invokeExecute(DriverCommandExecutor.java:183)
	at org.openqa.selenium.remote.service.DriverCommandExecutor.execute(DriverCommandExecutor.java:158)
	at org.openqa.selenium.remote.RemoteWebDriver.execute(RemoteWebDriver.java:543)
	at org.openqa.selenium.remote.RemoteWebDriver.execute(RemoteWebDriver.java:598)
	at org.openqa.selenium.remote.RemoteWebDriver.execute(RemoteWebDriver.java:602)
	at org.openqa.selenium.remote.RemoteWebDriver.close(RemoteWebDriver.java:419)
	at resuableFunctions.ResuableClass.closeApp(ResuableClass.java:39)
	at testcases.LoginTests.close(LoginTests.java:65)
... Removed 24 stack frames</div></td></tr></table><p class="totop"><a href="#summary">back to summary</a></p>
<h3 id="m12">testcases.ContactForm#close</h3><table class="result"><tr><th class="invisible"/></tr></table><p class="totop"><a href="#summary">back to summary</a></p>
<h3 id="m13">testcases.SubscriptionVerify#close</h3><table class="result"><tr><th class="invisible"/></tr></table><p class="totop"><a href="#summary">back to summary</a></p>
<h3 id="m14">testcases.TestCases#close</h3><table class="result"><tr><th class="invisible"/></tr></table><p class="totop"><a href="#summary">back to summary</a></p>
<h3 id="m15">testcases.VerifyProduct#close</h3><table class="result"><tr><th class="invisible"/></tr></table><p class="totop"><a href="#summary">back to summary</a></p>
<h3 id="m16">testcases.SubscriptionVerify#verifySubs</h3><table class="result"><tr><th class="invisible"/></tr></table><p class="totop"><a href="#summary">back to summary</a></p>
<h3 id="m17">testcases.SubscriptionVerify#verifySubsInCart</h3><table class="result"><tr><th class="invisible"/></tr></table><p class="totop"><a href="#summary">back to summary</a></p>
</body>
</html>
